0 info it worked if it ends with ok
1 verbose cli [ 'F:\\Node.js\\node.exe',
1 verbose cli   'F:\\Node.js\\node_modules\\npm\\bin\\npm-cli.js',
1 verbose cli   'run',
1 verbose cli   'dev' ]
2 info using npm@3.10.10
3 info using node@v6.10.3
4 verbose run-script [ 'predev', 'dev', 'postdev' ]
5 info lifecycle e-finance-visual@1.0.0~predev: e-finance-visual@1.0.0
6 silly lifecycle e-finance-visual@1.0.0~predev: no script for predev, continuing
7 info lifecycle e-finance-visual@1.0.0~dev: e-finance-visual@1.0.0
8 verbose lifecycle e-finance-visual@1.0.0~dev: unsafe-perm in lifecycle true
9 verbose lifecycle e-finance-visual@1.0.0~dev: PATH: F:\Node.js\node_modules\npm\bin\node-gyp-bin;F:\浏览器下载\e-finance-visual-master\node_modules\.bin;C:\Users\admin-pc\bin;F:\GIT安装包\Git\mingw64\bin;F:\GIT安装包\Git\usr\local\bin;F:\GIT安装包\Git\usr\bin;F:\GIT安装包\Git\usr\bin;F:\GIT安装包\Git\mingw64\bin;F:\GIT安装包\Git\usr\bin;C:\Users\admin-pc\bin;C:\windows\system32;D:\runtime\win64;D:\bin;D:\polyspace\bin;C:\Program Files\Common Files\Autodesk Shared;F:\GIT安装包\Git\cmd;F:\;C:\Program Files\dotnet;C:\Program Files\Microsoft SQL Server\120\Tools\Binn;C:\Program Files\Microsoft SQL Server\130\Tools\Binn;C:\Program Files\Microsoft SQL Server\110\DTS\Binn;C:\Program Files (x86)\Microsoft SQL Server\110\Tools\Binn;C:\Program Files\Microsoft SQL Server\110\Tools\Binn;C:\Program Files (x86)\Microsoft SQL Server\110\Tools\Binn\ManagementStudio;C:\Program Files (x86)\Microsoft Visual Studio 10.0\Common7\IDE\PrivateAssemblies;C:\Program Files (x86)\Microsoft SQL Server\110\DTS\Binn;F:\Node.js;C:\Program Files\Java\jdk1.8.0_131\bin;F:\MySQL安装包\mysql-5.1.72-win32\bin;F:\专业知识C语言java等\eclipse安装包\Java环境变量-禁止移动\jdk1.6.0_43\bin;C:\Users\admin-pc\AppData\Roaming\搜狐影音\5.0.2.23;F:\VScode\Microsoft VS Code\bin;C:\Users\admin-pc\AppData\Roaming\npm;F:\GIT安装包\Git\usr\bin\vendor_perl;F:\GIT安装包\Git\usr\bin\core_perl
10 verbose lifecycle e-finance-visual@1.0.0~dev: CWD: F:\浏览器下载\e-finance-visual-master
11 silly lifecycle e-finance-visual@1.0.0~dev: Args: [ '/d /s /c', 'node build/dev-server.js' ]
12 silly lifecycle e-finance-visual@1.0.0~dev: Returned: code: 1  signal: null
13 info lifecycle e-finance-visual@1.0.0~dev: Failed to exec dev script
14 verbose stack Error: e-finance-visual@1.0.0 dev: `node build/dev-server.js`
14 verbose stack Exit status 1
14 verbose stack     at EventEmitter.<anonymous> (F:\Node.js\node_modules\npm\lib\utils\lifecycle.js:255:16)
14 verbose stack     at emitTwo (events.js:106:13)
14 verbose stack     at EventEmitter.emit (events.js:191:7)
14 verbose stack     at ChildProcess.<anonymous> (F:\Node.js\node_modules\npm\lib\utils\spawn.js:40:14)
14 verbose stack     at emitTwo (events.js:106:13)
14 verbose stack     at ChildProcess.emit (events.js:191:7)
14 verbose stack     at maybeClose (internal/child_process.js:886:16)
14 verbose stack     at Process.ChildProcess._handle.onexit (internal/child_process.js:226:5)
15 verbose pkgid e-finance-visual@1.0.0
16 verbose cwd F:\浏览器下载\e-finance-visual-master
17 error Windows_NT 6.3.9600
18 error argv "F:\\Node.js\\node.exe" "F:\\Node.js\\node_modules\\npm\\bin\\npm-cli.js" "run" "dev"
19 error node v6.10.3
20 error npm  v3.10.10
21 error code ELIFECYCLE
22 error e-finance-visual@1.0.0 dev: `node build/dev-server.js`
22 error Exit status 1
23 error Failed at the e-finance-visual@1.0.0 dev script 'node build/dev-server.js'.
23 error Make sure you have the latest version of node.js and npm installed.
23 error If you do, this is most likely a problem with the e-finance-visual package,
23 error not with npm itself.
23 error Tell the author that this fails on your system:
23 error     node build/dev-server.js
23 error You can get information on how to open an issue for this project with:
23 error     npm bugs e-finance-visual
23 error Or if that isn't available, you can get their info via:
23 error     npm owner ls e-finance-visual
23 error There is likely additional logging output above.
24 verbose exit [ 1, true ]
